  boundingBox.cpp
C:\Users\mgcs1\source\repos\MyRayTracer\MyRayTracer\boundingBox.cpp(85,10): warning C4244: 'initializing': conversion from 'double' to 'float', possible loss of data
C:\Users\mgcs1\source\repos\MyRayTracer\MyRayTracer\boundingBox.cpp(95,10): warning C4244: 'initializing': conversion from 'double' to 'float', possible loss of data
C:\Users\mgcs1\source\repos\MyRayTracer\MyRayTracer\boundingBox.cpp(105,10): warning C4244: 'initializing': conversion from 'double' to 'float', possible loss of data
C:\Users\mgcs1\source\repos\MyRayTracer\MyRayTracer\boundingBox.cpp(121,10): warning C4244: '=': conversion from 'double' to 'float', possible loss of data
  bvh.cpp
C:\Users\mgcs1\source\repos\MyRayTracer\MyRayTracer\maths.h(69,8): warning C4244: 'return': conversion from 'double' to 'float', possible loss of data
  (compiling source file 'bvh.cpp')
  
C:\Users\mgcs1\source\repos\MyRayTracer\MyRayTracer\camera.h(77,9): warning C4244: '=': conversion from 'double' to 'float', possible loss of data
  (compiling source file 'bvh.cpp')
  
C:\Users\mgcs1\source\repos\MyRayTracer\MyRayTracer\camera.h(78,9): warning C4244: '=': conversion from 'double' to 'float', possible loss of data
  (compiling source file 'bvh.cpp')
  
C:\Users\mgcs1\source\repos\MyRayTracer\MyRayTracer\color.h(42,14): warning C4244: 'argument': conversion from 'double' to 'float', possible loss of data
  (compiling source file 'bvh.cpp')
  
C:\Users\mgcs1\source\repos\MyRayTracer\MyRayTracer\color.h(41,14): warning C4244: 'argument': conversion from 'double' to 'float', possible loss of data
  (compiling source file 'bvh.cpp')
  
C:\Users\mgcs1\source\repos\MyRayTracer\MyRayTracer\color.h(40,28): warning C4244: 'argument': conversion from 'double' to 'float', possible loss of data
  (compiling source file 'bvh.cpp')
  
C:\Users\mgcs1\source\repos\MyRayTracer\MyRayTracer\bvh.cpp(25,47): warning C4267: 'return': conversion from 'size_t' to 'int', possible loss of data
C:\Users\mgcs1\source\repos\MyRayTracer\MyRayTracer\bvh.cpp(45,35): warning C4267: 'argument': conversion from 'size_t' to 'int', possible loss of data
C:\Users\mgcs1\source\repos\MyRayTracer\MyRayTracer\bvh.cpp(60,10): warning C4101: 'tmp': unreferenced local variable
C:\Users\mgcs1\source\repos\MyRayTracer\MyRayTracer\bvh.cpp(72,10): warning C4101: 'tmp': unreferenced local variable
  grid.cpp
C:\Users\mgcs1\source\repos\MyRayTracer\MyRayTracer\maths.h(69,8): warning C4244: 'return': conversion from 'double' to 'float', possible loss of data
  (compiling source file 'grid.cpp')
  
C:\Users\mgcs1\source\repos\MyRayTracer\MyRayTracer\camera.h(77,9): warning C4244: '=': conversion from 'double' to 'float', possible loss of data
  (compiling source file 'grid.cpp')
  
C:\Users\mgcs1\source\repos\MyRayTracer\MyRayTracer\camera.h(78,9): warning C4244: '=': conversion from 'double' to 'float', possible loss of data
  (compiling source file 'grid.cpp')
  
C:\Users\mgcs1\source\repos\MyRayTracer\MyRayTracer\color.h(42,14): warning C4244: 'argument': conversion from 'double' to 'float', possible loss of data
  (compiling source file 'grid.cpp')
  
C:\Users\mgcs1\source\repos\MyRayTracer\MyRayTracer\color.h(41,14): warning C4244: 'argument': conversion from 'double' to 'float', possible loss of data
  (compiling source file 'grid.cpp')
  
C:\Users\mgcs1\source\repos\MyRayTracer\MyRayTracer\color.h(40,28): warning C4244: 'argument': conversion from 'double' to 'float', possible loss of data
  (compiling source file 'grid.cpp')
  
C:\Users\mgcs1\source\repos\MyRayTracer\MyRayTracer\grid.cpp(9,21): warning C4267: 'return': conversion from 'size_t' to 'int', possible loss of data
C:\Users\mgcs1\source\repos\MyRayTracer\MyRayTracer\grid.cpp(63,18): warning C4244: '=': conversion from 'double' to 'int', possible loss of data
C:\Users\mgcs1\source\repos\MyRayTracer\MyRayTracer\grid.cpp(64,18): warning C4244: '=': conversion from 'double' to 'int', possible loss of data
C:\Users\mgcs1\source\repos\MyRayTracer\MyRayTracer\grid.cpp(65,18): warning C4244: '=': conversion from 'double' to 'int', possible loss of data
C:\Users\mgcs1\source\repos\MyRayTracer\MyRayTracer\grid.cpp(80,13): warning C4244: 'initializing': conversion from 'double' to 'int', possible loss of data
C:\Users\mgcs1\source\repos\MyRayTracer\MyRayTracer\grid.cpp(81,13): warning C4244: 'initializing': conversion from 'double' to 'int', possible loss of data
C:\Users\mgcs1\source\repos\MyRayTracer\MyRayTracer\grid.cpp(82,13): warning C4244: 'initializing': conversion from 'double' to 'int', possible loss of data
C:\Users\mgcs1\source\repos\MyRayTracer\MyRayTracer\grid.cpp(83,13): warning C4244: 'initializing': conversion from 'double' to 'int', possible loss of data
C:\Users\mgcs1\source\repos\MyRayTracer\MyRayTracer\grid.cpp(84,13): warning C4244: 'initializing': conversion from 'double' to 'int', possible loss of data
C:\Users\mgcs1\source\repos\MyRayTracer\MyRayTracer\grid.cpp(85,13): warning C4244: 'initializing': conversion from 'double' to 'int', possible loss of data
C:\Users\mgcs1\source\repos\MyRayTracer\MyRayTracer\grid.cpp(32,6): warning C4101: 'xmin': unreferenced local variable
C:\Users\mgcs1\source\repos\MyRayTracer\MyRayTracer\grid.cpp(33,12): warning C4101: 'ymax': unreferenced local variable
C:\Users\mgcs1\source\repos\MyRayTracer\MyRayTracer\grid.cpp(34,12): warning C4101: 'zmax': unreferenced local variable
C:\Users\mgcs1\source\repos\MyRayTracer\MyRayTracer\grid.cpp(35,6): warning C4101: 'index': unreferenced local variable
C:\Users\mgcs1\source\repos\MyRayTracer\MyRayTracer\grid.cpp(33,6): warning C4101: 'ymin': unreferenced local variable
C:\Users\mgcs1\source\repos\MyRayTracer\MyRayTracer\grid.cpp(32,12): warning C4101: 'xmax': unreferenced local variable
C:\Users\mgcs1\source\repos\MyRayTracer\MyRayTracer\grid.cpp(34,6): warning C4101: 'zmin': unreferenced local variable
C:\Users\mgcs1\source\repos\MyRayTracer\MyRayTracer\grid.cpp(124,10): warning C4244: 'initializing': conversion from 'double' to 'float', possible loss of data
C:\Users\mgcs1\source\repos\MyRayTracer\MyRayTracer\grid.cpp(134,10): warning C4244: 'initializing': conversion from 'double' to 'float', possible loss of data
C:\Users\mgcs1\source\repos\MyRayTracer\MyRayTracer\grid.cpp(144,10): warning C4244: 'initializing': conversion from 'double' to 'float', possible loss of data
C:\Users\mgcs1\source\repos\MyRayTracer\MyRayTracer\grid.cpp(177,13): warning C4244: '=': conversion from 'double' to 'int', possible loss of data
C:\Users\mgcs1\source\repos\MyRayTracer\MyRayTracer\grid.cpp(178,13): warning C4244: '=': conversion from 'double' to 'int', possible loss of data
C:\Users\mgcs1\source\repos\MyRayTracer\MyRayTracer\grid.cpp(179,13): warning C4244: '=': conversion from 'double' to 'int', possible loss of data
C:\Users\mgcs1\source\repos\MyRayTracer\MyRayTracer\grid.cpp(183,13): warning C4244: '=': conversion from 'double' to 'int', possible loss of data
C:\Users\mgcs1\source\repos\MyRayTracer\MyRayTracer\grid.cpp(184,13): warning C4244: '=': conversion from 'double' to 'int', possible loss of data
C:\Users\mgcs1\source\repos\MyRayTracer\MyRayTracer\grid.cpp(185,13): warning C4244: '=': conversion from 'double' to 'int', possible loss of data
  main.cpp
C:\Users\mgcs1\source\repos\MyRayTracer\MyRayTracer\maths.h(69,8): warning C4244: 'return': conversion from 'double' to 'float', possible loss of data
  (compiling source file 'main.cpp')
  
C:\Users\mgcs1\source\repos\MyRayTracer\MyRayTracer\camera.h(77,9): warning C4244: '=': conversion from 'double' to 'float', possible loss of data
  (compiling source file 'main.cpp')
  
C:\Users\mgcs1\source\repos\MyRayTracer\MyRayTracer\camera.h(78,9): warning C4244: '=': conversion from 'double' to 'float', possible loss of data
  (compiling source file 'main.cpp')
  
C:\Users\mgcs1\source\repos\MyRayTracer\MyRayTracer\color.h(42,14): warning C4244: 'argument': conversion from 'double' to 'float', possible loss of data
  (compiling source file 'main.cpp')
  
C:\Users\mgcs1\source\repos\MyRayTracer\MyRayTracer\color.h(41,14): warning C4244: 'argument': conversion from 'double' to 'float', possible loss of data
  (compiling source file 'main.cpp')
  
C:\Users\mgcs1\source\repos\MyRayTracer\MyRayTracer\color.h(40,28): warning C4244: 'argument': conversion from 'double' to 'float', possible loss of data
  (compiling source file 'main.cpp')
  
C:\Users\mgcs1\source\repos\MyRayTracer\MyRayTracer\main.cpp(510,100): warning C4305: 'argument': truncation from 'double' to 'float'
C:\Users\mgcs1\source\repos\MyRayTracer\MyRayTracer\main.cpp(576,14): warning C4244: 'initializing': conversion from 'double' to 'float', possible loss of data
C:\Users\mgcs1\source\repos\MyRayTracer\MyRayTracer\main.cpp(577,12): warning C4244: 'initializing': conversion from 'double' to 'float', possible loss of data
  scene.cpp
C:\Users\mgcs1\source\repos\MyRayTracer\MyRayTracer\maths.h(69,8): warning C4244: 'return': conversion from 'double' to 'float', possible loss of data
  (compiling source file 'scene.cpp')
  
C:\Users\mgcs1\source\repos\MyRayTracer\MyRayTracer\camera.h(77,9): warning C4244: '=': conversion from 'double' to 'float', possible loss of data
  (compiling source file 'scene.cpp')
  
C:\Users\mgcs1\source\repos\MyRayTracer\MyRayTracer\camera.h(78,9): warning C4244: '=': conversion from 'double' to 'float', possible loss of data
  (compiling source file 'scene.cpp')
  
C:\Users\mgcs1\source\repos\MyRayTracer\MyRayTracer\color.h(42,14): warning C4244: 'argument': conversion from 'double' to 'float', possible loss of data
  (compiling source file 'scene.cpp')
  
C:\Users\mgcs1\source\repos\MyRayTracer\MyRayTracer\color.h(41,14): warning C4244: 'argument': conversion from 'double' to 'float', possible loss of data
  (compiling source file 'scene.cpp')
  
C:\Users\mgcs1\source\repos\MyRayTracer\MyRayTracer\color.h(40,28): warning C4244: 'argument': conversion from 'double' to 'float', possible loss of data
  (compiling source file 'scene.cpp')
  
C:\Users\mgcs1\source\repos\MyRayTracer\MyRayTracer\scene.cpp(239,8): warning C4244: '=': conversion from 'double' to 'float', possible loss of data
C:\Users\mgcs1\source\repos\MyRayTracer\MyRayTracer\scene.cpp(243,8): warning C4244: '=': conversion from 'double' to 'float', possible loss of data
C:\Users\mgcs1\source\repos\MyRayTracer\MyRayTracer\scene.cpp(248,8): warning C4244: '=': conversion from 'double' to 'float', possible loss of data
C:\Users\mgcs1\source\repos\MyRayTracer\MyRayTracer\scene.cpp(255,8): warning C4244: '=': conversion from 'double' to 'float', possible loss of data
C:\Users\mgcs1\source\repos\MyRayTracer\MyRayTracer\scene.cpp(259,8): warning C4244: '=': conversion from 'double' to 'float', possible loss of data
C:\Users\mgcs1\source\repos\MyRayTracer\MyRayTracer\scene.cpp(264,8): warning C4244: '=': conversion from 'double' to 'float', possible loss of data
C:\Users\mgcs1\source\repos\MyRayTracer\MyRayTracer\scene.cpp(305,21): warning C4267: 'return': conversion from 'size_t' to 'int', possible loss of data
C:\Users\mgcs1\source\repos\MyRayTracer\MyRayTracer\scene.cpp(325,20): warning C4267: 'return': conversion from 'size_t' to 'int', possible loss of data
C:\Users\mgcs1\source\repos\MyRayTracer\MyRayTracer\scene.cpp(453,23): warning C4244: '=': conversion from 'double' to 'float', possible loss of data
C:\Users\mgcs1\source\repos\MyRayTracer\MyRayTracer\scene.cpp(454,23): warning C4244: '=': conversion from 'double' to 'float', possible loss of data
C:\Users\mgcs1\source\repos\MyRayTracer\MyRayTracer\scene.cpp(393,8): warning C4101: 't_intersec': unreferenced local variable
C:\Users\mgcs1\source\repos\MyRayTracer\MyRayTracer\scene.cpp(519,56): warning C4244: 'argument': conversion from 'double' to 'float', possible loss of data
C:\Users\mgcs1\source\repos\MyRayTracer\MyRayTracer\scene.cpp(519,53): warning C4244: 'argument': conversion from 'double' to 'float', possible loss of data
C:\Users\mgcs1\source\repos\MyRayTracer\MyRayTracer\scene.cpp(519,46): warning C4244: 'argument': conversion from 'double' to 'float', possible loss of data
C:\Users\mgcs1\source\repos\MyRayTracer\MyRayTracer\scene.cpp(519,42): warning C4244: 'argument': conversion from 'double' to 'float', possible loss of data
C:\Users\mgcs1\source\repos\MyRayTracer\MyRayTracer\scene.cpp(519,34): warning C4244: 'argument': conversion from 'double' to 'float', possible loss of data
C:\Users\mgcs1\source\repos\MyRayTracer\MyRayTracer\scene.cpp(573,23): warning C4018: '<': signed/unsigned mismatch
C:\Users\mgcs1\source\repos\MyRayTracer\MyRayTracer\scene.cpp(577,23): warning C4018: '<': signed/unsigned mismatch
C:\Users\mgcs1\source\repos\MyRayTracer\MyRayTracer\scene.cpp(650,56): warning C4244: 'argument': conversion from 'double' to 'float', possible loss of data
C:\Users\mgcs1\source\repos\MyRayTracer\MyRayTracer\scene.cpp(691,40): warning C4244: 'argument': conversion from 'time_t' to 'const int', possible loss of data
C:\Users\mgcs1\source\repos\MyRayTracer\MyRayTracer\scene.cpp(695,38): warning C4305: 'argument': truncation from 'double' to 'float'
C:\Users\mgcs1\source\repos\MyRayTracer\MyRayTracer\scene.cpp(701,50): warning C4305: 'argument': truncation from 'double' to 'float'
C:\Users\mgcs1\source\repos\MyRayTracer\MyRayTracer\scene.cpp(701,40): warning C4305: 'argument': truncation from 'double' to 'float'
C:\Users\mgcs1\source\repos\MyRayTracer\MyRayTracer\scene.cpp(701,30): warning C4305: 'argument': truncation from 'double' to 'float'
C:\Users\mgcs1\source\repos\MyRayTracer\MyRayTracer\scene.cpp(701,112): warning C4305: 'argument': truncation from 'double' to 'float'
C:\Users\mgcs1\source\repos\MyRayTracer\MyRayTracer\scene.cpp(720,59): warning C4244: 'argument': conversion from 'double' to 'float', possible loss of data
C:\Users\mgcs1\source\repos\MyRayTracer\MyRayTracer\scene.cpp(720,52): warning C4305: 'argument': truncation from 'double' to 'float'
C:\Users\mgcs1\source\repos\MyRayTracer\MyRayTracer\scene.cpp(720,29): warning C4244: 'argument': conversion from 'double' to 'float', possible loss of data
C:\Users\mgcs1\source\repos\MyRayTracer\MyRayTracer\scene.cpp(722,30): warning C4305: 'argument': truncation from 'double' to 'float'
C:\Users\mgcs1\source\repos\MyRayTracer\MyRayTracer\scene.cpp(724,77): warning C4244: 'argument': conversion from 'double' to 'float', possible loss of data
C:\Users\mgcs1\source\repos\MyRayTracer\MyRayTracer\scene.cpp(724,62): warning C4244: 'argument': conversion from 'double' to 'float', possible loss of data
C:\Users\mgcs1\source\repos\MyRayTracer\MyRayTracer\scene.cpp(724,47): warning C4244: 'argument': conversion from 'double' to 'float', possible loss of data
C:\Users\mgcs1\source\repos\MyRayTracer\MyRayTracer\scene.cpp(725,34): warning C4305: 'argument': truncation from 'double' to 'float'
C:\Users\mgcs1\source\repos\MyRayTracer\MyRayTracer\scene.cpp(730,116): warning C4244: 'argument': conversion from 'double' to 'float', possible loss of data
C:\Users\mgcs1\source\repos\MyRayTracer\MyRayTracer\scene.cpp(730,95): warning C4244: 'argument': conversion from 'double' to 'float', possible loss of data
C:\Users\mgcs1\source\repos\MyRayTracer\MyRayTracer\scene.cpp(730,74): warning C4244: 'argument': conversion from 'double' to 'float', possible loss of data
C:\Users\mgcs1\source\repos\MyRayTracer\MyRayTracer\scene.cpp(731,34): warning C4305: 'argument': truncation from 'double' to 'float'
C:\Users\mgcs1\source\repos\MyRayTracer\MyRayTracer\scene.cpp(736,79): warning C4305: 'argument': truncation from 'double' to 'float'
C:\Users\mgcs1\source\repos\MyRayTracer\MyRayTracer\scene.cpp(737,34): warning C4305: 'argument': truncation from 'double' to 'float'
C:\Users\mgcs1\source\repos\MyRayTracer\MyRayTracer\scene.cpp(746,75): warning C4305: 'argument': truncation from 'double' to 'float'
C:\Users\mgcs1\source\repos\MyRayTracer\MyRayTracer\scene.cpp(751,42): warning C4305: 'argument': truncation from 'double' to 'float'
C:\Users\mgcs1\source\repos\MyRayTracer\MyRayTracer\scene.cpp(751,37): warning C4305: 'argument': truncation from 'double' to 'float'
C:\Users\mgcs1\source\repos\MyRayTracer\MyRayTracer\scene.cpp(751,32): warning C4305: 'argument': truncation from 'double' to 'float'
C:\Users\mgcs1\source\repos\MyRayTracer\MyRayTracer\scene.cpp(751,75): warning C4305: 'argument': truncation from 'double' to 'float'
C:\Users\mgcs1\source\repos\MyRayTracer\MyRayTracer\scene.cpp(751,48): warning C4305: 'argument': truncation from 'double' to 'float'
C:\Users\mgcs1\source\repos\MyRayTracer\MyRayTracer\scene.cpp(756,42): warning C4305: 'argument': truncation from 'double' to 'float'
C:\Users\mgcs1\source\repos\MyRayTracer\MyRayTracer\scene.cpp(756,37): warning C4305: 'argument': truncation from 'double' to 'float'
C:\Users\mgcs1\source\repos\MyRayTracer\MyRayTracer\scene.cpp(756,32): warning C4305: 'argument': truncation from 'double' to 'float'
C:\Users\mgcs1\source\repos\MyRayTracer\MyRayTracer\scene.cpp(756,64): warning C4305: 'argument': truncation from 'double' to 'float'
C:\Users\mgcs1\source\repos\MyRayTracer\MyRayTracer\scene.cpp(756,59): warning C4305: 'argument': truncation from 'double' to 'float'
  vector.cpp
C:\Users\mgcs1\source\repos\MyRayTracer\MyRayTracer\vector.cpp(64,15): warning C4244: 'initializing': conversion from 'double' to 'float', possible loss of data
  Generating Code...
  MyRayTracer.vcxproj -> C:\Users\mgcs1\source\repos\MyRayTracer\x64\Debug\MyRayTracer.exe
  0 File(s) copied
